<?xml version="1.0" encoding="UTF-8"?>
<!-- Generated by org.testng.reporters.JUnitReportReporter -->
<testsuite hostname="DESKTOP-H2728N3" failures="0" tests="1" name="webautomation1_22123.W_A_1_22123" time="15.981" errors="0" timestamp="2023-01-22T15:26:43 BDT" skipped="0">
  <testcase classname="webautomation1_22123.W_A_1_22123" name="Loadgoogle" time="15.981"/>
  <system-out/>
</testsuite> <!-- webautomation1_22123.W_A_1_22123 -->
